TN:
SF:/Users/hugomarisco/Code/ppspp-protocol/index.js
FN:7,(anonymous_0)
FN:15,(anonymous_1)
FN:17,(anonymous_2)
FN:32,(anonymous_3)
FN:41,(anonymous_4)
FN:56,(anonymous_5)
FN:71,(anonymous_6)
FN:83,(anonymous_7)
FN:109,(anonymous_8)
FN:118,(anonymous_9)
FN:127,(anonymous_10)
FN:131,(anonymous_11)
FN:135,(anonymous_12)
FN:139,(anonymous_13)
FN:150,(anonymous_14)
FN:161,(anonymous_15)
FN:173,(anonymous_16)
FN:177,(anonymous_17)
FN:183,(anonymous_18)
FN:197,(anonymous_19)
FNF:20
FNH:16
FNDA:13,(anonymous_0)
FNDA:37,(anonymous_1)
FNDA:13,(anonymous_2)
FNDA:2,(anonymous_3)
FNDA:1,(anonymous_4)
FNDA:1,(anonymous_5)
FNDA:1,(anonymous_6)
FNDA:1,(anonymous_7)
FNDA:1,(anonymous_8)
FNDA:1,(anonymous_9)
FNDA:1,(anonymous_10)
FNDA:1,(anonymous_11)
FNDA:0,(anonymous_12)
FNDA:0,(anonymous_13)
FNDA:0,(anonymous_14)
FNDA:0,(anonymous_15)
FNDA:1,(anonymous_16)
FNDA:24,(anonymous_17)
FNDA:24,(anonymous_18)
FNDA:24,(anonymous_19)
DA:1,1
DA:2,1
DA:3,1
DA:4,1
DA:8,13
DA:10,13
DA:12,13
DA:18,13
DA:20,13
DA:22,13
DA:23,13
DA:25,13
DA:27,13
DA:29,13
DA:33,2
DA:38,2
DA:42,1
DA:44,1
DA:46,1
DA:48,1
DA:49,1
DA:51,1
DA:53,1
DA:57,1
DA:59,1
DA:61,1
DA:63,1
DA:64,1
DA:66,1
DA:68,1
DA:72,1
DA:74,1
DA:76,1
DA:78,1
DA:80,1
DA:88,1
DA:90,1
DA:92,1
DA:94,1
DA:95,1
DA:97,1
DA:99,1
DA:106,1
DA:110,1
DA:115,1
DA:119,1
DA:124,1
DA:128,1
DA:132,1
DA:136,0
DA:140,0
DA:142,0
DA:143,0
DA:145,0
DA:147,0
DA:151,0
DA:153,0
DA:154,0
DA:156,0
DA:158,0
DA:162,0
DA:164,0
DA:166,0
DA:168,0
DA:170,0
DA:174,1
DA:178,24
DA:180,24
DA:184,24
DA:185,24
DA:187,24
DA:188,24
DA:191,0
DA:194,24
DA:198,24
DA:200,24
DA:201,24
DA:203,24
DA:205,24
DA:206,1
DA:207,1
DA:210,23
DA:211,23
DA:213,23
DA:215,13
DA:216,13
DA:221,13
DA:223,13
DA:225,13
DA:227,13
DA:229,13
DA:234,1
DA:238,1
DA:243,1
DA:245,1
DA:247,1
DA:249,1
DA:251,1
DA:258,1
DA:263,1
DA:267,1
DA:269,1
DA:273,1
DA:275,1
DA:281,1
DA:286,2
DA:290,2
DA:292,2
DA:294,2
DA:299,1
DA:303,1
DA:305,1
DA:312,1
DA:314,1
DA:320,1
DA:322,0
DA:323,0
DA:325,0
DA:326,0
DA:328,0
DA:333,0
DA:335,0
DA:336,0
DA:341,1
DA:345,1
DA:350,1
DA:352,1
DA:357,1
DA:361,1
DA:363,1
DA:370,1
DA:375,1
DA:379,1
DA:381,1
DA:383,1
DA:388,1
DA:392,1
DA:394,1
DA:396,1
DA:398,1
DA:399,1
DA:401,1
DA:402,1
DA:404,0
DA:405,0
DA:407,0
DA:408,0
DA:410,0
DA:415,0
DA:417,0
DA:418,0
DA:420,0
DA:421,0
DA:423,0
DA:425,0
DA:427,0
DA:430,23
DA:434,1
LF:158
LH:120
BRDA:17,0,0,1
BRDA:205,1,0,1
BRDA:205,1,1,23
BRDA:213,2,0,13
BRDA:213,2,1,1
BRDA:213,2,2,1
BRDA:213,2,3,2
BRDA:213,2,4,1
BRDA:213,2,5,0
BRDA:213,2,6,0
BRDA:213,2,7,1
BRDA:213,2,8,1
BRDA:213,2,9,1
BRDA:213,2,10,1
BRDA:213,2,11,1
BRDA:213,2,12,0
BRDA:213,2,13,0
BRDA:213,2,14,0
BRF:18
BRH:13
end_of_record
TN:
SF:/Users/hugomarisco/Code/ppspp-protocol/lib/constants.js
FNF:0
FNH:0
DA:1,1
LF:1
LH:1
BRF:0
BRH:0
end_of_record
TN:
SF:/Users/hugomarisco/Code/ppspp-protocol/lib/decoder.js
FN:65,(anonymous_0)
FN:68,(anonymous_1)
FNF:2
FNH:0
FNDA:0,(anonymous_0)
FNDA:0,(anonymous_1)
DA:6,1
DA:8,1
DA:10,13
DA:12,13
DA:15,13
DA:16,34
DA:17,34
DA:19,34
DA:21,1
DA:22,1
DA:23,1
DA:25,1
DA:26,1
DA:27,1
DA:29,2
DA:30,2
DA:32,2
DA:36,2
DA:37,2
DA:39,1
DA:40,1
DA:41,1
DA:43,2
DA:44,2
DA:45,2
DA:47,2
DA:48,2
DA:49,2
DA:51,9
DA:52,9
DA:53,9
DA:55,1
DA:56,1
DA:58,1
DA:60,0
DA:61,0
DA:63,0
DA:65,0
DA:67,0
DA:69,0
DA:71,0
DA:79,0
DA:80,0
DA:82,2
DA:83,2
DA:84,2
DA:86,13
DA:90,13
DA:94,8
DA:96,8
DA:98,8
DA:100,1
DA:101,1
DA:102,1
DA:104,7
DA:105,7
DA:106,7
DA:107,7
DA:110,8
DA:114,3
DA:121,1
DA:129,1
DA:135,1
DA:137,1
DA:139,1
DA:142,0
DA:144,0
DA:145,0
DA:147,0
DA:148,0
DA:150,0
DA:151,0
DA:154,1
LF:73
LH:57
BRDA:19,0,0,1
BRDA:19,0,1,1
BRDA:19,0,2,2
BRDA:19,0,3,1
BRDA:19,0,4,2
BRDA:19,0,5,2
BRDA:19,0,6,9
BRDA:19,0,7,1
BRDA:19,0,8,0
BRDA:19,0,9,2
BRDA:19,0,10,13
BRDA:98,1,0,1
BRDA:98,1,1,7
BRDA:139,2,0,0
BRDA:139,2,1,0
BRDA:139,2,2,0
BRDA:139,2,3,0
BRDA:144,3,0,0
BRDA:144,3,1,0
BRF:19
BRH:12
end_of_record
TN:
SF:/Users/hugomarisco/Code/ppspp-protocol/lib/encoder.js
FN:8,(anonymous_0)
FN:47,(anonymous_1)
FN:58,(anonymous_2)
FN:77,(anonymous_3)
FNF:4
FNH:2
FNDA:21,(anonymous_0)
FNDA:0,(anonymous_1)
FNDA:0,(anonymous_2)
FNDA:15,(anonymous_3)
DA:1,1
DA:3,1
DA:5,13
DA:8,13
DA:9,21
DA:10,21
DA:12,21
DA:14,21
DA:16,21
DA:23,16
DA:24,16
DA:28,3
DA:30,3
DA:32,3
DA:33,3
DA:36,2
DA:38,2
DA:39,2
DA:40,2
DA:42,2
DA:43,2
DA:46,0
DA:47,0
DA:50,0
DA:52,0
DA:54,0
DA:55,0
DA:59,0
DA:63,0
DA:65,0
DA:69,13
DA:71,13
DA:75,8
DA:77,15
DA:79,8
LF:35
LH:26
BRDA:12,0,0,0
BRDA:12,0,1,21
BRDA:16,1,0,1
BRDA:16,1,1,2
BRDA:16,1,2,3
BRDA:16,1,3,5
BRDA:16,1,4,7
BRDA:16,1,5,16
BRDA:16,1,6,1
BRDA:16,1,7,3
BRDA:16,1,8,2
BRDA:16,1,9,0
BRDA:59,2,0,0
BRDA:59,2,1,0
BRF:14
BRH:10
end_of_record
